<?xml version="1.0" encoding="UTF-8"?>
<!-- Generated by org.testng.reporters.JUnitReportReporter -->
<testsuite hostname="DESKTOP-CCPG5IB" failures="0" tests="1" name="StepDefinictions.OpenMultipleWindows" time="25.694" errors="0" timestamp="2024-03-18T11:46:20 IST" skipped="0">
  <testcase classname="StepDefinictions.OpenMultipleWindows" name="user_is_on_navigation_to_home_page" time="25.694"/>
  <system-out/>
</testsuite> <!-- StepDefinictions.OpenMultipleWindows -->
